<?xml version="1.0" encoding="utf-8"?><testsuites name="pytest tests"><testsuite name="pytest" errors="0" failures="1" skipped="0" tests="38" time="14.057" timestamp="2026-08-26T15:44:36.101133+00:00" hostname="agent-env-dc73aab2-a000-419e-b833-7d926426177c"><testcase classname="tests.backend_test.TestAuth" name="test_login_all_roles" time="2.666" /><testcase classname="tests.backend_test.TestAuth" name="test_me_endpoint" time="0.081" /><testcase classname="tests.backend_test.TestAuth" name="test_invalid_login_returns_401" time="0.452" /><testcase classname="tests.backend_test.TestAuth" name="test_rate_limiting_lockout" time="1.156"><failure message="AssertionError: expected 429 after 5 attempts, got 401&#10;assert 401 == 429&#10; +  where 401 = &lt;Response [401]&gt;.status_code">backend/tests/backend_test.py:79: in test_rate_limiting_lockout
    assert r.status_code == 429, f"expected 429 after 5 attempts, got {r.status_code}"
E   AssertionError: expected 429 after 5 attempts, got 401
E   assert 401 == 429
E    +  where 401 = &lt;Response [401]&gt;.status_code</failure></testcase><testcase classname="tests.backend_test.TestAuth" name="test_logout_clears_session" time="0.631" /><testcase classname="tests.backend_test.TestAuth" name="test_forgot_and_reset_password_flow" time="2.619" /><testcase classname="tests.backend_test.TestEmployees" name="test_admin_lists_employees" time="0.113" /><testcase classname="tests.backend_test.TestEmployees" name="test_employee_cannot_list" time="0.078" /><testcase classname="tests.backend_test.TestEmployees" name="test_manager_sees_only_team" time="0.091" /><testcase classname="tests.backend_test.TestEmployees" name="test_create_update_deactivate_employee_with_audit" time="0.718" /><testcase classname="tests.backend_test.TestLeave" name="test_leave_types_seeded" time="0.079" /><testcase classname="tests.backend_test.TestLeave" name="test_balances_seeded_for_emp1" time="0.114" /><testcase classname="tests.backend_test.TestLeave" name="test_employee_cannot_modify_balance" time="0.158" /><testcase classname="tests.backend_test.TestLeave" name="test_validate_leave_cl_over_3days_error" time="0.168" /><testcase classname="tests.backend_test.TestLeave" name="test_validate_sl_3days_documentation" time="0.152" /><testcase classname="tests.backend_test.TestLeave" name="test_leave_balance_adjust_by_admin" time="0.561" /><testcase classname="tests.backend_test.TestAttendance" name="test_employee_cannot_edit_attendance" time="0.098" /><testcase classname="tests.backend_test.TestAttendance" name="test_isolation_cannot_query_other_users" time="0.072" /><testcase classname="tests.backend_test.TestAttendance" name="test_today_endpoint" time="0.081" /><testcase classname="tests.backend_test.TestHolidays" name="test_list_holidays" time="0.078" /><testcase classname="tests.backend_test.TestHolidays" name="test_employee_cannot_add_holiday" time="0.082" /><testcase classname="tests.backend_test.TestHolidays" name="test_admin_add_and_delete_holiday" time="0.268" /><testcase classname="tests.backend_test.TestClients" name="test_admin_list_all_clients" time="0.087" /><testcase classname="tests.backend_test.TestClients" name="test_employee_sees_only_assigned" time="0.176" /><testcase classname="tests.backend_test.TestClients" name="test_unassigned_client_403" time="0.261" /><testcase classname="tests.backend_test.TestClients" name="test_client_portal_encrypted_and_reveal_audits" time="0.572" /><testcase classname="tests.backend_test.TestReports" name="test_attendance_report" time="0.087" /><testcase classname="tests.backend_test.TestReports" name="test_attendance_csv" time="0.093" /><testcase classname="tests.backend_test.TestReports" name="test_leave_excel" time="0.998" /><testcase classname="tests.backend_test.TestReports" name="test_employee_cannot_view_reports" time="0.073" /><testcase classname="tests.backend_test.TestAudit" name="test_admin_can_view" time="0.096" /><testcase classname="tests.backend_test.TestAudit" name="test_employee_cannot_view" time="0.081" /><testcase classname="tests.backend_test.TestNotifications" name="test_list" time="0.108" /><testcase classname="tests.backend_test.TestDashboard" name="test_admin_dashboard" time="0.111" /><testcase classname="tests.backend_test.TestDashboard" name="test_employee_dashboard" time="0.095" /><testcase classname="tests.backend_test.TestSuperAdmin" name="test_list_orgs" time="0.091" /><testcase classname="tests.backend_test.TestSuperAdmin" name="test_non_super_cannot_list_orgs" time="0.091" /><testcase classname="tests.backend_test.TestSuperAdmin" name="test_super_creates_org" time="0.336" /></testsuite></testsuites>